[10:44:50] [START] [1] Senado de la República -> http://leyes.senado.gov.co/proyectos/index.php/proyectos-ley/cuatrenio-2018-2022/2020-2021
[10:44:50] [START] [2] Cámara de Representantes -> https://www.camara.gov.co/secretaria/proyectos-de-ley
[10:44:50] [START] [3] Corte Constitucional -> https://www.corteconstitucional.gov.co/
[10:44:50] [START] [4] Procuraduría General de la Nación -> https://www.procuraduria.gov.co/procuraduria/Pages/Normatividad.aspx
[10:44:50] [START] [5] Defensoría del Pueblo -> https://www.defensoria.gov.co/web/guest/transparencia
[10:44:50] [START] [6] Contraloría General de la República -> https://www.contraloria.gov.co/web/relatoria/normatividad-y-relatoria
[10:44:51] [START] [7] Auditoría General de la Nación -> https://www.auditoria.gov.co/web/guest/auditoria/normatividad/circulares/-/document_library/pgO78BwckEE6/view/760318?_com_liferay_document_library_web_portlet_DLPortlet_INSTANCE_pgO78BwckEE6_redirect=https%3A%2F%2Fwww.auditoria.gov.co%2Fweb%2Fguest%2Fauditoria%2Fnormatividad%2Fcirculares%2F-%2Fdocument_library%2FpgO78BwckEE6%2Fview%2F542553%3F_com_liferay_document_library_web_portlet_DLPortlet_INSTANCE_pgO78BwckEE6_redirect%3Dhttps%253A%252F%252Fwww.auditoria.gov.co%252Fweb%252Fguest%252Fauditoria%252Fnormatividad%252Fcirculares%253Fp_p_id%253Dcom_liferay_document_library_web_portlet_DLPortlet_INSTANCE_pgO78BwckEE6%2526p_p_lifecycle%253D0%2526p_p_state%253Dnormal%2526p_p_mode%253Dview
[10:44:51] [START] [8] Banco de la República -> https://www.banrep.gov.co/es/normatividad
[10:44:54] [START] [9] Presidencia de la República -> https://dapre.presidencia.gov.co/
[10:44:54] [START] [10] Ministerio de Hacienda y Crédito Público -> https://www.minhacienda.gov.co/decretos-2026
[10:44:56] [START] [11] Unidad de Regulación Financiera - URF -> http://www.urf.gov.co/webcenter/portal/urf/pages_urf
[10:45:02] [START] [12] Unidad de Gestión Pensional y Parafiscal - UGPP -> https://www.ugpp.gov.co/normas?body_value=&field_norm_list_view=9
[10:45:06] [START] [13] Dirección de Impuestos y Aduanas Nacionales - DIAN -> https://www.dian.gov.co/normatividad/Paginas/normas.aspx
[10:55:31] [START] [1] Senado de la República -> http://leyes.senado.gov.co/proyectos/index.php/proyectos-ley/cuatrenio-2018-2022/2020-2021
[10:55:31] [START] [2] Cámara de Representantes -> https://www.camara.gov.co/secretaria/proyectos-de-ley
[10:55:31] [START] [3] Corte Constitucional -> https://www.corteconstitucional.gov.co/
[10:55:31] [START] [4] Procuraduría General de la Nación -> https://www.procuraduria.gov.co/procuraduria/Pages/Normatividad.aspx
[10:55:31] [START] [5] Defensoría del Pueblo -> https://www.defensoria.gov.co/web/guest/transparencia
[10:55:32] [START] [6] Contraloría General de la República -> https://www.contraloria.gov.co/web/relatoria/normatividad-y-relatoria
[10:55:32] [START] [7] Auditoría General de la Nación -> https://www.auditoria.gov.co/web/guest/auditoria/normatividad/circulares/-/document_library/pgO78BwckEE6/view/760318?_com_liferay_document_library_web_portlet_DLPortlet_INSTANCE_pgO78BwckEE6_redirect=https%3A%2F%2Fwww.auditoria.gov.co%2Fweb%2Fguest%2Fauditoria%2Fnormatividad%2Fcirculares%2F-%2Fdocument_library%2FpgO78BwckEE6%2Fview%2F542553%3F_com_liferay_document_library_web_portlet_DLPortlet_INSTANCE_pgO78BwckEE6_redirect%3Dhttps%253A%252F%252Fwww.auditoria.gov.co%252Fweb%252Fguest%252Fauditoria%252Fnormatividad%252Fcirculares%253Fp_p_id%253Dcom_liferay_document_library_web_portlet_DLPortlet_INSTANCE_pgO78BwckEE6%2526p_p_lifecycle%253D0%2526p_p_state%253Dnormal%2526p_p_mode%253Dview
[10:55:33] [START] [8] Banco de la República -> https://www.banrep.gov.co/es/normatividad
[10:55:35] [START] [9] Presidencia de la República -> https://dapre.presidencia.gov.co/
[10:55:35] [START] [10] Ministerio de Hacienda y Crédito Público -> https://www.minhacienda.gov.co/decretos-2026
[10:55:37] [START] [11] Unidad de Regulación Financiera - URF -> http://www.urf.gov.co/webcenter/portal/urf/pages_urf
[10:55:42] [START] [12] Unidad de Gestión Pensional y Parafiscal - UGPP -> https://www.ugpp.gov.co/normas?body_value=&field_norm_list_view=9
[10:55:45] [START] [13] Dirección de Impuestos y Aduanas Nacionales - DIAN -> https://www.dian.gov.co/normatividad/Paginas/normas.aspx
[11:11:20] [START] [1] Senado de la República -> http://leyes.senado.gov.co/proyectos/index.php/proyectos-ley/cuatrenio-2018-2022/2020-2021
[11:48:50] [START] [1] Senado de la República -> http://leyes.senado.gov.co/proyectos/index.php/proyectos-ley/cuatrenio-2018-2022/2020-2021
[12:04:27] [START] [1] Senado de la República -> http://leyes.senado.gov.co/proyectos/index.php/proyectos-ley/cuatrenio-2018-2022/2020-2021
[12:49:01] [START] [1] Senado de la República -> http://leyes.senado.gov.co/proyectos/index.php/proyectos-ley/cuatrenio-2018-2022/2020-2021
[13:25:10] [START] [1] Senado de la República -> http://leyes.senado.gov.co/proyectos/index.php/proyectos-ley/cuatrenio-2018-2022/2020-2021
[13:29:59] [START] [1] Senado de la República -> http://leyes.senado.gov.co/proyectos/index.php/proyectos-ley/cuatrenio-2018-2022/2020-2021
